Using pre-set license
Built from '2020.3/staging' branch; Version is '2020.3.5f1 (8095aa901b9b) revision 8426922'; Using compiler version '192528614'; Build Type 'Release'
OS: 'Windows 10 Pro; OS build 19043.1586; Version 2009; 64bit' Language: 'en' Physical Memory: 32509 MB
BatchMode: 1, IsHumanControllingUs: 0, StartBugReporterOnCrash: 0, Is64bit: 1, IsPro: 0

 COMMAND LINE ARGUMENTS:
C:\Program Files\Unity\2020.3.5f1\Editor\Unity.exe
-adb2
-batchMode
-noUpm
-name
AssetImportWorker0
-projectPath
C:/Users/Oisin/Documents/GitHub/LD50
-logFile
Logs/AssetImportWorker0.log
-srvPort
53387
Successfully changed project path to: C:/Users/Oisin/Documents/GitHub/LD50
C:/Users/Oisin/Documents/GitHub/LD50
Using Asset Import Pipeline V2.
Refreshing native plugins compatible for Editor in 45.17 ms, found 1 plugins.
Preloading 0 native plugins for Editor in 0.00 ms.
Initialize engine version: 2020.3.5f1 (8095aa901b9b)
[Subsystems] Discovering subsystems at path C:/Program Files/Unity/2020.3.5f1/Editor/Data/Resources/UnitySubsystems
[Subsystems] Discovering subsystems at path C:/Users/Oisin/Documents/GitHub/LD50/Assets
GfxDevice: creating device client; threaded=0
Direct3D:
    Version:  Direct3D 11.0 [level 11.1]
    Renderer: NVIDIA GeForce GTX 1660 SUPER (ID=0x21c4)
    Vendor:   
    VRAM:     5991 MB
    Driver:   27.21.14.5671
Initialize mono
Mono path[0] = 'C:/Program Files/Unity/2020.3.5f1/Editor/Data/Managed'
Mono path[1] = 'C:/Program Files/Unity/2020.3.5f1/Editor/Data/MonoBleedingEdge/lib/mono/unityjit'
Mono config path = 'C:/Program Files/Unity/2020.3.5f1/Editor/Data/MonoBleedingEdge/etc'
Using monoOptions --debugger-agent=transport=dt_socket,embedding=1,server=y,suspend=n,address=127.0.0.1:56272
Begin MonoManager ReloadAssembly
Registering precompiled unity dll's ...
Register platform support module: C:/Program Files/Unity/2020.3.5f1/Editor/Data/PlaybackEngines/WebGLSupport/UnityEditor.WebGL.Extensions.dll
Register platform support module: C:/Program Files/Unity/2020.3.5f1/Editor/Data/PlaybackEngines/WindowsStandaloneSupport/UnityEditor.WindowsStandalone.Extensions.dll
Registered in 0.002733 seconds.
Native extension for WindowsStandalone target not found
Native extension for WebGL target not found
Refreshing native plugins compatible for Editor in 42.28 ms, found 1 plugins.
Preloading 0 native plugins for Editor in 0.00 ms.
Mono: successfully reloaded assembly
- Completed reload, in  1.246 seconds
Platform modules already initialized, skipping
Registering precompiled user dll's ...
Registered in 0.001457 seconds.
Begin MonoManager ReloadAssembly
Native extension for WindowsStandalone target not found
Native extension for WebGL target not found
Refreshing native plugins compatible for Editor in 43.47 ms, found 1 plugins.
Preloading 0 native plugins for Editor in 0.00 ms.
Mono: successfully reloaded assembly
- Completed reload, in  1.082 seconds
Platform modules already initialized, skipping
========================================================================
Worker process is ready to serve import requests
Launched and connected shader compiler UnityShaderCompiler.exe after 0.05 seconds
Refreshing native plugins compatible for Editor in 0.26 ms, found 1 plugins.
Preloading 0 native plugins for Editor in 0.00 ms.
Unloading 1951 Unused Serialized files (Serialized files now loaded: 0)
System memory in use before: 98.3 MB.
System memory in use after: 98.3 MB.

Unloading 25 unused Assets to reduce memory usage. Loaded Objects now: 2410.
Total: 1.387200 ms (FindLiveObjects: 0.124500 ms CreateObjectMapping: 0.035300 ms MarkObjects: 1.129500 ms  DeleteObjects: 0.097300 ms)

========================================================================
Received Import Request.
  path: Assets/Prefabs/Spikes.prefab
  artifactKey: Guid(ab8f615605ca9694ebced1697820a6a2) Importer(815301076,1909f56bfc062723c751e8b465ee728b)
Start importing Assets/Prefabs/Spikes.prefab using Guid(ab8f615605ca9694ebced1697820a6a2) Importer(815301076,1909f56bfc062723c751e8b465ee728b)  -> (artifact id: 'cf591cf1df2f6b7011c58f0b382c1c27') in 0.065864 seconds
  Import took 0.068078 seconds .

========================================================================
Received Import Request.
  Time since last request: 0.000158 seconds.
  path: Assets/Prefabs/Player.prefab
  artifactKey: Guid(b3c1fde7b2b289e458cdb763026cbc16) Importer(815301076,1909f56bfc062723c751e8b465ee728b)
Start importing Assets/Prefabs/Player.prefab using Guid(b3c1fde7b2b289e458cdb763026cbc16) Importer(815301076,1909f56bfc062723c751e8b465ee728b)  -> (artifact id: '3d751891214ee3a41f1072ad8c32c870') in 0.013675 seconds
  Import took 0.015871 seconds .

========================================================================
Received Prepare
Registering precompiled user dll's ...
Registered in 0.001753 seconds.
Begin MonoManager ReloadAssembly
Native extension for WindowsStandalone target not found
Native extension for WebGL target not found
Refreshing native plugins compatible for Editor in 0.42 ms, found 1 plugins.
Preloading 0 native plugins for Editor in 0.00 ms.
Mono: successfully reloaded assembly
- Completed reload, in  0.950 seconds
Platform modules already initialized, skipping
Refreshing native plugins compatible for Editor in 0.86 ms, found 1 plugins.
Preloading 0 native plugins for Editor in 0.00 ms.
Unloading 1942 Unused Serialized files (Serialized files now loaded: 0)
System memory in use before: 101.0 MB.
System memory in use after: 101.0 MB.

Unloading 13 unused Assets to reduce memory usage. Loaded Objects now: 2421.
Total: 1.992400 ms (FindLiveObjects: 0.249500 ms CreateObjectMapping: 0.062300 ms MarkObjects: 1.545100 ms  DeleteObjects: 0.134000 ms)

========================================================================
Received Prepare
Registering precompiled user dll's ...
Registered in 0.001990 seconds.
Begin MonoManager ReloadAssembly
Native extension for WindowsStandalone target not found
Native extension for WebGL target not found
Refreshing native plugins compatible for Editor in 0.38 ms, found 1 plugins.
Preloading 0 native plugins for Editor in 0.00 ms.
Mono: successfully reloaded assembly
- Completed reload, in  0.903 seconds
Platform modules already initialized, skipping
Refreshing native plugins compatible for Editor in 0.40 ms, found 1 plugins.
Preloading 0 native plugins for Editor in 0.00 ms.
Unloading 1942 Unused Serialized files (Serialized files now loaded: 0)
System memory in use before: 101.0 MB.
System memory in use after: 101.0 MB.

Unloading 13 unused Assets to reduce memory usage. Loaded Objects now: 2425.
Total: 1.990000 ms (FindLiveObjects: 0.232800 ms CreateObjectMapping: 0.092100 ms MarkObjects: 1.514000 ms  DeleteObjects: 0.149700 ms)

========================================================================
Received Prepare
Registering precompiled user dll's ...
Registered in 0.001557 seconds.
Begin MonoManager ReloadAssembly
Native extension for WindowsStandalone target not found
Native extension for WebGL target not found
Refreshing native plugins compatible for Editor in 0.53 ms, found 1 plugins.
Preloading 0 native plugins for Editor in 0.00 ms.
Mono: successfully reloaded assembly
- Completed reload, in  0.938 seconds
Platform modules already initialized, skipping
Refreshing native plugins compatible for Editor in 0.39 ms, found 1 plugins.
Preloading 0 native plugins for Editor in 0.00 ms.
Unloading 1942 Unused Serialized files (Serialized files now loaded: 0)
System memory in use before: 101.0 MB.
System memory in use after: 101.0 MB.

Unloading 13 unused Assets to reduce memory usage. Loaded Objects now: 2429.
Total: 2.242200 ms (FindLiveObjects: 0.281600 ms CreateObjectMapping: 0.068400 ms MarkObjects: 1.762600 ms  DeleteObjects: 0.128100 ms)

========================================================================
Received Import Request.
  Time since last request: 200.383913 seconds.
  path: Assets/Prefabs/Spikes.prefab
  artifactKey: Guid(ab8f615605ca9694ebced1697820a6a2) Importer(815301076,1909f56bfc062723c751e8b465ee728b)
Start importing Assets/Prefabs/Spikes.prefab using Guid(ab8f615605ca9694ebced1697820a6a2) Importer(815301076,1909f56bfc062723c751e8b465ee728b)  -> (artifact id: 'd9fa4f5c36adf87c84a6705b693eae67') in 0.057309 seconds
  Import took 0.060531 seconds .

========================================================================
Received Prepare
Registering precompiled user dll's ...
Registered in 0.001283 seconds.
Begin MonoManager ReloadAssembly
Native extension for WindowsStandalone target not found
Native extension for WebGL target not found
Refreshing native plugins compatible for Editor in 0.41 ms, found 1 plugins.
Preloading 0 native plugins for Editor in 0.00 ms.
Mono: successfully reloaded assembly
- Completed reload, in  0.937 seconds
Platform modules already initialized, skipping
Refreshing native plugins compatible for Editor in 0.39 ms, found 1 plugins.
Preloading 0 native plugins for Editor in 0.00 ms.
Unloading 1942 Unused Serialized files (Serialized files now loaded: 0)
System memory in use before: 101.1 MB.
System memory in use after: 101.0 MB.

Unloading 13 unused Assets to reduce memory usage. Loaded Objects now: 2434.
Total: 2.024700 ms (FindLiveObjects: 0.258600 ms CreateObjectMapping: 0.061800 ms MarkObjects: 1.537900 ms  DeleteObjects: 0.164700 ms)

========================================================================
Received Prepare
Registering precompiled user dll's ...
Registered in 0.001831 seconds.
Begin MonoManager ReloadAssembly
Native extension for WindowsStandalone target not found
Native extension for WebGL target not found
Refreshing native plugins compatible for Editor in 0.43 ms, found 1 plugins.
Preloading 0 native plugins for Editor in 0.00 ms.
Mono: successfully reloaded assembly
- Completed reload, in  0.893 seconds
Platform modules already initialized, skipping
Refreshing native plugins compatible for Editor in 0.40 ms, found 1 plugins.
Preloading 0 native plugins for Editor in 0.00 ms.
Unloading 1942 Unused Serialized files (Serialized files now loaded: 0)
System memory in use before: 101.1 MB.
System memory in use after: 101.0 MB.

Unloading 13 unused Assets to reduce memory usage. Loaded Objects now: 2438.
Total: 2.281400 ms (FindLiveObjects: 0.252200 ms CreateObjectMapping: 0.058700 ms MarkObjects: 1.830000 ms  DeleteObjects: 0.138800 ms)

========================================================================
Received Prepare
Registering precompiled user dll's ...
Registered in 0.001555 seconds.
Begin MonoManager ReloadAssembly
Native extension for WindowsStandalone target not found
Native extension for WebGL target not found
Refreshing native plugins compatible for Editor in 0.39 ms, found 1 plugins.
Preloading 0 native plugins for Editor in 0.00 ms.
Mono: successfully reloaded assembly
- Completed reload, in  0.932 seconds
Platform modules already initialized, skipping
Refreshing native plugins compatible for Editor in 0.37 ms, found 1 plugins.
Preloading 0 native plugins for Editor in 0.00 ms.
Unloading 1942 Unused Serialized files (Serialized files now loaded: 0)
System memory in use before: 101.1 MB.
System memory in use after: 101.1 MB.

Unloading 13 unused Assets to reduce memory usage. Loaded Objects now: 2442.
Total: 2.201600 ms (FindLiveObjects: 0.313400 ms CreateObjectMapping: 0.068600 ms MarkObjects: 1.688200 ms  DeleteObjects: 0.129600 ms)

========================================================================
Received Prepare
Registering precompiled user dll's ...
Registered in 0.001642 seconds.
Begin MonoManager ReloadAssembly
Native extension for WindowsStandalone target not found
Native extension for WebGL target not found
Refreshing native plugins compatible for Editor in 0.45 ms, found 1 plugins.
Preloading 0 native plugins for Editor in 0.00 ms.
Mono: successfully reloaded assembly
- Completed reload, in  0.956 seconds
Platform modules already initialized, skipping
Refreshing native plugins compatible for Editor in 0.38 ms, found 1 plugins.
Preloading 0 native plugins for Editor in 0.00 ms.
Unloading 1942 Unused Serialized files (Serialized files now loaded: 0)
System memory in use before: 101.1 MB.
System memory in use after: 101.1 MB.

Unloading 13 unused Assets to reduce memory usage. Loaded Objects now: 2446.
Total: 1.895600 ms (FindLiveObjects: 0.239000 ms CreateObjectMapping: 0.058100 ms MarkObjects: 1.472500 ms  DeleteObjects: 0.124800 ms)

========================================================================
Received Import Request.
  Time since last request: 468.053156 seconds.
  path: Assets/040222ld50_maintheme95dmin.mp3
  artifactKey: Guid(1a51a54dd3772f54fbf017bf8ebf2554) Importer(815301076,1909f56bfc062723c751e8b465ee728b)
Start importing Assets/040222ld50_maintheme95dmin.mp3 using Guid(1a51a54dd3772f54fbf017bf8ebf2554) Importer(815301076,1909f56bfc062723c751e8b465ee728b)  -> (artifact id: 'b066096c6a199880445960691a67a2a8') in 0.090332 seconds
  Import took 0.094176 seconds .

========================================================================
Received Prepare
Registering precompiled user dll's ...
Registered in 0.001788 seconds.
Begin MonoManager ReloadAssembly
Native extension for WindowsStandalone target not found
Native extension for WebGL target not found
Refreshing native plugins compatible for Editor in 0.40 ms, found 1 plugins.
Preloading 0 native plugins for Editor in 0.00 ms.
Mono: successfully reloaded assembly
- Completed reload, in  0.987 seconds
Platform modules already initialized, skipping
Refreshing native plugins compatible for Editor in 0.42 ms, found 1 plugins.
Preloading 0 native plugins for Editor in 0.00 ms.
Unloading 1942 Unused Serialized files (Serialized files now loaded: 0)
System memory in use before: 101.1 MB.
System memory in use after: 101.1 MB.

Unloading 13 unused Assets to reduce memory usage. Loaded Objects now: 2453.
Total: 2.103900 ms (FindLiveObjects: 0.289000 ms CreateObjectMapping: 0.079200 ms MarkObjects: 1.607400 ms  DeleteObjects: 0.126700 ms)

========================================================================
Received Prepare
Registering precompiled user dll's ...
Registered in 0.001707 seconds.
Begin MonoManager ReloadAssembly
Native extension for WindowsStandalone target not found
Native extension for WebGL target not found
Refreshing native plugins compatible for Editor in 0.44 ms, found 1 plugins.
Preloading 0 native plugins for Editor in 0.00 ms.
Mono: successfully reloaded assembly
- Completed reload, in  0.969 seconds
Platform modules already initialized, skipping
Refreshing native plugins compatible for Editor in 0.53 ms, found 1 plugins.
Preloading 0 native plugins for Editor in 0.00 ms.
Unloading 1942 Unused Serialized files (Serialized files now loaded: 0)
System memory in use before: 101.1 MB.
System memory in use after: 101.1 MB.

Unloading 13 unused Assets to reduce memory usage. Loaded Objects now: 2457.
Total: 2.007000 ms (FindLiveObjects: 0.295600 ms CreateObjectMapping: 0.070600 ms MarkObjects: 1.512200 ms  DeleteObjects: 0.127000 ms)

========================================================================
Received Prepare
Registering precompiled user dll's ...
Registered in 0.002205 seconds.
Begin MonoManager ReloadAssembly
Native extension for WindowsStandalone target not found
Native extension for WebGL target not found
Refreshing native plugins compatible for Editor in 0.48 ms, found 1 plugins.
Preloading 0 native plugins for Editor in 0.00 ms.
Mono: successfully reloaded assembly
- Completed reload, in  0.937 seconds
Platform modules already initialized, skipping
Refreshing native plugins compatible for Editor in 0.40 ms, found 1 plugins.
Preloading 0 native plugins for Editor in 0.00 ms.
Unloading 1942 Unused Serialized files (Serialized files now loaded: 0)
System memory in use before: 101.2 MB.
System memory in use after: 101.1 MB.

Unloading 13 unused Assets to reduce memory usage. Loaded Objects now: 2461.
Total: 2.037700 ms (FindLiveObjects: 0.242300 ms CreateObjectMapping: 0.061900 ms MarkObjects: 1.602700 ms  DeleteObjects: 0.129100 ms)

========================================================================
Received Prepare
Registering precompiled user dll's ...
Registered in 0.001916 seconds.
Begin MonoManager ReloadAssembly
Native extension for WindowsStandalone target not found
Native extension for WebGL target not found
Refreshing native plugins compatible for Editor in 0.48 ms, found 1 plugins.
Preloading 0 native plugins for Editor in 0.00 ms.
[ScriptCompilation] NOT recompiling all scripts because this is an import worker process. Reason to compile was: Define symbols changed
Mono: successfully reloaded assembly
- Completed reload, in  1.014 seconds
Platform modules already initialized, skipping
Refreshing native plugins compatible for Editor in 0.44 ms, found 1 plugins.
Preloading 0 native plugins for Editor in 0.00 ms.
Unloading 2062 Unused Serialized files (Serialized files now loaded: 0)
System memory in use before: 108.7 MB.
System memory in use after: 106.7 MB.

Unloading 40 unused Assets to reduce memory usage. Loaded Objects now: 2558.
Total: 2.801500 ms (FindLiveObjects: 0.249400 ms CreateObjectMapping: 0.072100 ms MarkObjects: 1.805500 ms  DeleteObjects: 0.673200 ms)

========================================================================
Received Import Request.
  Time since last request: 643.195654 seconds.
  path: Packages/com.unity.postprocessing/package.json
  artifactKey: Guid(2705889b3a9580a47b334f039bfdcb00) Importer(815301076,1909f56bfc062723c751e8b465ee728b)
Start importing Packages/com.unity.postprocessing/package.json using Guid(2705889b3a9580a47b334f039bfdcb00) Importer(815301076,1909f56bfc062723c751e8b465ee728b)  -> (artifact id: '9a0e4b2aee37d180c965ea9bf370b202') in 0.025819 seconds
  Import took 0.029500 seconds .

========================================================================
Received Import Request.
  Time since last request: 1.121086 seconds.
  path: Packages/com.unity.postprocessing/PostProcessing
  artifactKey: Guid(0d256a256b5667448bb3f33f75dbb4bf) Importer(815301076,1909f56bfc062723c751e8b465ee728b)
Start importing Packages/com.unity.postprocessing/PostProcessing using Guid(0d256a256b5667448bb3f33f75dbb4bf) Importer(815301076,1909f56bfc062723c751e8b465ee728b)  -> (artifact id: 'a5f4aa5ccf254a1d631e39f7097faf84') in 0.006674 seconds
  Import took 0.010341 seconds .

========================================================================
Received Import Request.
  Time since last request: 0.081106 seconds.
  path: Packages/com.unity.postprocessing/PostProcessing/PostProcessResources.asset
  artifactKey: Guid(d82512f9c8e5d4a4d938b575d47f88d4) Importer(815301076,1909f56bfc062723c751e8b465ee728b)
Start importing Packages/com.unity.postprocessing/PostProcessing/PostProcessResources.asset using Guid(d82512f9c8e5d4a4d938b575d47f88d4) Importer(815301076,1909f56bfc062723c751e8b465ee728b)  -> (artifact id: 'a2396d652902ddcdcf805e87ed17c97c') in 0.055227 seconds
  Import took 0.061276 seconds .

========================================================================
Received Import Request.
  Time since last request: 1.169819 seconds.
  path: Packages/com.unity.postprocessing/PostProcessing/Runtime
  artifactKey: Guid(1bdda73de20b6a54592f998f94de3b64) Importer(815301076,1909f56bfc062723c751e8b465ee728b)
Start importing Packages/com.unity.postprocessing/PostProcessing/Runtime using Guid(1bdda73de20b6a54592f998f94de3b64) Importer(815301076,1909f56bfc062723c751e8b465ee728b)  -> (artifact id: '6698ddb7b7b7a43972fda7388ce77b05') in 0.005577 seconds
  Import took 0.009841 seconds .

========================================================================
Received Import Request.
  Time since last request: 1.726024 seconds.
  path: Packages/com.unity.postprocessing/PostProcessing/Runtime/PostProcessDebug.cs
  artifactKey: Guid(c520d478f3d2445429bd7ac9c92b03a3) Importer(815301076,1909f56bfc062723c751e8b465ee728b)
Start importing Packages/com.unity.postprocessing/PostProcessing/Runtime/PostProcessDebug.cs using Guid(c520d478f3d2445429bd7ac9c92b03a3) Importer(815301076,1909f56bfc062723c751e8b465ee728b)  -> (artifact id: '621a39c9fc51cbdd7522870653843ebf') in 0.010387 seconds
  Import took 0.013594 seconds .

========================================================================
Received Import Request.
  Time since last request: 2.203242 seconds.
  path: Packages/com.unity.postprocessing/PostProcessing/Runtime/PostProcessLayer.cs
  artifactKey: Guid(948f4100a11a5c24981795d21301da5c) Importer(815301076,1909f56bfc062723c751e8b465ee728b)
Start importing Packages/com.unity.postprocessing/PostProcessing/Runtime/PostProcessLayer.cs using Guid(948f4100a11a5c24981795d21301da5c) Importer(815301076,1909f56bfc062723c751e8b465ee728b)  -> (artifact id: 'ee45a9b13b26d4d392f6c8be76f6b766') in 0.005887 seconds
  Import took 0.009838 seconds .

========================================================================
Received Import Request.
  Time since last request: 0.490187 seconds.
  path: Packages/com.unity.postprocessing/PostProcessing/Runtime/Unity.Postprocessing.Runtime.asmdef
  artifactKey: Guid(d60799ab2a985554ea1a39cd38695018) Importer(815301076,1909f56bfc062723c751e8b465ee728b)
Start importing Packages/com.unity.postprocessing/PostProcessing/Runtime/Unity.Postprocessing.Runtime.asmdef using Guid(d60799ab2a985554ea1a39cd38695018) Importer(815301076,1909f56bfc062723c751e8b465ee728b)  -> (artifact id: '921a009dd729d4279ab4d58588d268b1') in 0.006295 seconds
  Import took 0.010164 seconds .

========================================================================
Received Import Request.
  Time since last request: 22.831419 seconds.
  path: ProjectSettings/TagManager.asset
  artifactKey: Guid(00000000000000003000000000000000) Importer(815301076,1909f56bfc062723c751e8b465ee728b)
Start importing ProjectSettings/TagManager.asset using Guid(00000000000000003000000000000000) Importer(815301076,1909f56bfc062723c751e8b465ee728b)  -> (artifact id: 'fc18613c40af8d1c61cb7333302a51bc') in 0.008503 seconds
  Import took 0.011647 seconds .

========================================================================
Received Import Request.
  Time since last request: 35.198126 seconds.
  path: Packages/com.unity.postprocessing/PostProcessing/Runtime/PostProcessProfile.cs
  artifactKey: Guid(8e6292b2c06870d4495f009f912b9600) Importer(815301076,1909f56bfc062723c751e8b465ee728b)
Start importing Packages/com.unity.postprocessing/PostProcessing/Runtime/PostProcessProfile.cs using Guid(8e6292b2c06870d4495f009f912b9600) Importer(815301076,1909f56bfc062723c751e8b465ee728b)  -> (artifact id: '0ddb4b6c4cb0d8f3ce8400ce67dd061f') in 0.006322 seconds
  Import took 0.009745 seconds .

========================================================================
Received Import Request.
  Time since last request: 1.902571 seconds.
  path: Packages/com.unity.postprocessing/PostProcessing/Runtime/PostProcessVolume.cs
  artifactKey: Guid(8b9a305e18de0c04dbd257a21cd47087) Importer(815301076,1909f56bfc062723c751e8b465ee728b)
Start importing Packages/com.unity.postprocessing/PostProcessing/Runtime/PostProcessVolume.cs using Guid(8b9a305e18de0c04dbd257a21cd47087) Importer(815301076,1909f56bfc062723c751e8b465ee728b)  -> (artifact id: 'f28bfe5556df660e4c74cacc052160a3') in 0.008588 seconds
  Import took 0.011923 seconds .

========================================================================
Received Import Request.
  Time since last request: 17.250079 seconds.
  path: Assets/New Post-processing Profile.asset
  artifactKey: Guid(0a100399451ec36488828520e0f09391) Importer(815301076,1909f56bfc062723c751e8b465ee728b)
Start importing Assets/New Post-processing Profile.asset using Guid(0a100399451ec36488828520e0f09391) Importer(815301076,1909f56bfc062723c751e8b465ee728b)  -> (artifact id: 'ba53a9671b5e7e67cd324c28e46799d1') in 0.007374 seconds
  Import took 0.010892 seconds .

========================================================================
Received Import Request.
  Time since last request: 0.000904 seconds.
  path: Assets/New Post-processing Profile.asset
  artifactKey: Guid(0a100399451ec36488828520e0f09391) Importer(815301076,1909f56bfc062723c751e8b465ee728b)
Start importing Assets/New Post-processing Profile.asset using Guid(0a100399451ec36488828520e0f09391) Importer(815301076,1909f56bfc062723c751e8b465ee728b)  -> (artifact id: 'ba53a9671b5e7e67cd324c28e46799d1') in 0.003218 seconds
  Import took 0.006787 seconds .

========================================================================
Received Import Request.
  Time since last request: 3.929508 seconds.
  path: Assets/New Post-processing Profile.asset
  artifactKey: Guid(0a100399451ec36488828520e0f09391) Importer(815301076,1909f56bfc062723c751e8b465ee728b)
Start importing Assets/New Post-processing Profile.asset using Guid(0a100399451ec36488828520e0f09391) Importer(815301076,1909f56bfc062723c751e8b465ee728b)  -> (artifact id: '3e13235931eee4d9303f99dd5bb35ed2') in 0.012352 seconds
  Import took 0.017028 seconds .

========================================================================
Received Import Request.
  Time since last request: 30.117886 seconds.
  path: Assets/New Post-processing Profile.asset
  artifactKey: Guid(0a100399451ec36488828520e0f09391) Importer(815301076,1909f56bfc062723c751e8b465ee728b)
Start importing Assets/New Post-processing Profile.asset using Guid(0a100399451ec36488828520e0f09391) Importer(815301076,1909f56bfc062723c751e8b465ee728b)  -> (artifact id: '95d85c58a9e487882f9451e882b4f86c') in 0.007792 seconds
  Import took 0.013333 seconds .

========================================================================
Received Import Request.
  Time since last request: 31.983509 seconds.
  path: Assets/New Post-processing Profile.asset
  artifactKey: Guid(0a100399451ec36488828520e0f09391) Importer(815301076,1909f56bfc062723c751e8b465ee728b)
Start importing Assets/New Post-processing Profile.asset using Guid(0a100399451ec36488828520e0f09391) Importer(815301076,1909f56bfc062723c751e8b465ee728b)  -> (artifact id: '5fbe95e0ed23d521044581d4ad624aee') in 0.016374 seconds
  Import took 0.020423 seconds .

========================================================================
Received Import Request.
  Time since last request: 0.005749 seconds.
  path: Assets/New Post-processing Profile.asset
  artifactKey: Guid(0a100399451ec36488828520e0f09391) Importer(815301076,1909f56bfc062723c751e8b465ee728b)
Start importing Assets/New Post-processing Profile.asset using Guid(0a100399451ec36488828520e0f09391) Importer(815301076,1909f56bfc062723c751e8b465ee728b)  -> (artifact id: '5fbe95e0ed23d521044581d4ad624aee') in 0.004669 seconds
  Import took 0.008223 seconds .

========================================================================
Received Import Request.
  Time since last request: 36.211149 seconds.
  path: Assets/New Post-processing Profile.asset
  artifactKey: Guid(0a100399451ec36488828520e0f09391) Importer(815301076,1909f56bfc062723c751e8b465ee728b)
Start importing Assets/New Post-processing Profile.asset using Guid(0a100399451ec36488828520e0f09391) Importer(815301076,1909f56bfc062723c751e8b465ee728b)  -> (artifact id: 'a4642edb68af7d99be571312e3676bb4') in 0.004876 seconds
  Import took 0.008238 seconds .

========================================================================
Received Import Request.
  Time since last request: 14.482915 seconds.
  path: Assets/New Post-processing Profile.asset
  artifactKey: Guid(0a100399451ec36488828520e0f09391) Importer(815301076,1909f56bfc062723c751e8b465ee728b)
Start importing Assets/New Post-processing Profile.asset using Guid(0a100399451ec36488828520e0f09391) Importer(815301076,1909f56bfc062723c751e8b465ee728b)  -> (artifact id: '80e8dcb66178ccca5ac1a5d7f219387c') in 0.008261 seconds
  Import took 0.011906 seconds .

========================================================================
Received Import Request.
  Time since last request: 6.752434 seconds.
  path: Assets/New Post-processing Profile.asset
  artifactKey: Guid(0a100399451ec36488828520e0f09391) Importer(815301076,1909f56bfc062723c751e8b465ee728b)
Start importing Assets/New Post-processing Profile.asset using Guid(0a100399451ec36488828520e0f09391) Importer(815301076,1909f56bfc062723c751e8b465ee728b)  -> (artifact id: '03b4895c317f4ee4f0100be6afd62971') in 0.005955 seconds
  Import took 0.010213 seconds .

========================================================================
Received Import Request.
  Time since last request: 4.492415 seconds.
  path: Assets/New Post-processing Profile.asset
  artifactKey: Guid(0a100399451ec36488828520e0f09391) Importer(815301076,1909f56bfc062723c751e8b465ee728b)
Start importing Assets/New Post-processing Profile.asset using Guid(0a100399451ec36488828520e0f09391) Importer(815301076,1909f56bfc062723c751e8b465ee728b)  -> (artifact id: '2b63e1418ad1b2720ab4be3d7ea44e0b') in 0.006001 seconds
  Import took 0.010113 seconds .

========================================================================
Received Import Request.
  Time since last request: 18.358798 seconds.
  path: Assets/New Post-processing Profile.asset
  artifactKey: Guid(0a100399451ec36488828520e0f09391) Importer(815301076,1909f56bfc062723c751e8b465ee728b)
Start importing Assets/New Post-processing Profile.asset using Guid(0a100399451ec36488828520e0f09391) Importer(815301076,1909f56bfc062723c751e8b465ee728b)  -> (artifact id: 'c530ec69ba9b7485d76621898b3963a0') in 0.004541 seconds
  Import took 0.008168 seconds .

========================================================================
Received Prepare
Registering precompiled user dll's ...
Registered in 0.001512 seconds.
Begin MonoManager ReloadAssembly
Native extension for WindowsStandalone target not found
Native extension for WebGL target not found
Refreshing native plugins compatible for Editor in 0.41 ms, found 1 plugins.
Preloading 0 native plugins for Editor in 0.00 ms.
Mono: successfully reloaded assembly
- Completed reload, in  0.951 seconds
Platform modules already initialized, skipping
Refreshing native plugins compatible for Editor in 0.47 ms, found 1 plugins.
Preloading 0 native plugins for Editor in 0.00 ms.
Unloading 2062 Unused Serialized files (Serialized files now loaded: 0)
System memory in use before: 108.8 MB.
System memory in use after: 106.7 MB.

Unloading 41 unused Assets to reduce memory usage. Loaded Objects now: 2562.
Total: 2.566500 ms (FindLiveObjects: 0.254000 ms CreateObjectMapping: 0.061600 ms MarkObjects: 1.498600 ms  DeleteObjects: 0.751100 ms)

========================================================================
Received Prepare
Registering precompiled user dll's ...
Registered in 0.001478 seconds.
Begin MonoManager ReloadAssembly
Native extension for WindowsStandalone target not found
Native extension for WebGL target not found
Refreshing native plugins compatible for Editor in 0.40 ms, found 1 plugins.
Preloading 0 native plugins for Editor in 0.00 ms.
Mono: successfully reloaded assembly
- Completed reload, in  0.928 seconds
Platform modules already initialized, skipping
Refreshing native plugins compatible for Editor in 0.45 ms, found 1 plugins.
Preloading 0 native plugins for Editor in 0.00 ms.
Unloading 2062 Unused Serialized files (Serialized files now loaded: 0)
System memory in use before: 108.8 MB.
System memory in use after: 106.7 MB.

Unloading 40 unused Assets to reduce memory usage. Loaded Objects now: 2566.
Total: 2.633900 ms (FindLiveObjects: 0.250200 ms CreateObjectMapping: 0.067300 ms MarkObjects: 1.550600 ms  DeleteObjects: 0.764400 ms)

========================================================================
Received Prepare
Registering precompiled user dll's ...
Registered in 0.001776 seconds.
Begin MonoManager ReloadAssembly
Native extension for WindowsStandalone target not found
Native extension for WebGL target not found
Refreshing native plugins compatible for Editor in 0.42 ms, found 1 plugins.
Preloading 0 native plugins for Editor in 0.00 ms.
Mono: successfully reloaded assembly
- Completed reload, in  0.937 seconds
Platform modules already initialized, skipping
Refreshing native plugins compatible for Editor in 0.44 ms, found 1 plugins.
Preloading 0 native plugins for Editor in 0.00 ms.
Unloading 2062 Unused Serialized files (Serialized files now loaded: 0)
System memory in use before: 108.8 MB.
System memory in use after: 106.7 MB.

Unloading 40 unused Assets to reduce memory usage. Loaded Objects now: 2570.
Total: 2.749800 ms (FindLiveObjects: 0.258900 ms CreateObjectMapping: 0.069300 ms MarkObjects: 1.642600 ms  DeleteObjects: 0.777500 ms)

========================================================================
Received Prepare
Registering precompiled user dll's ...
Registered in 0.001659 seconds.
Begin MonoManager ReloadAssembly
Native extension for WindowsStandalone target not found
Native extension for WebGL target not found
Refreshing native plugins compatible for Editor in 0.44 ms, found 1 plugins.
Preloading 0 native plugins for Editor in 0.00 ms.
Mono: successfully reloaded assembly
- Completed reload, in  0.915 seconds
Platform modules already initialized, skipping
Refreshing native plugins compatible for Editor in 0.44 ms, found 1 plugins.
Preloading 0 native plugins for Editor in 0.00 ms.
Unloading 2062 Unused Serialized files (Serialized files now loaded: 0)
System memory in use before: 108.8 MB.
System memory in use after: 106.7 MB.

Unloading 40 unused Assets to reduce memory usage. Loaded Objects now: 2574.
Total: 2.790200 ms (FindLiveObjects: 0.272900 ms CreateObjectMapping: 0.068600 ms MarkObjects: 1.700500 ms  DeleteObjects: 0.746700 ms)

========================================================================
Received Prepare
Registering precompiled user dll's ...
Registered in 0.001943 seconds.
Begin MonoManager ReloadAssembly
Native extension for WindowsStandalone target not found
Native extension for WebGL target not found
Refreshing native plugins compatible for Editor in 0.45 ms, found 1 plugins.
Preloading 0 native plugins for Editor in 0.00 ms.
Mono: successfully reloaded assembly
- Completed reload, in  0.952 seconds
Platform modules already initialized, skipping
Refreshing native plugins compatible for Editor in 0.40 ms, found 1 plugins.
Preloading 0 native plugins for Editor in 0.00 ms.
Unloading 2062 Unused Serialized files (Serialized files now loaded: 0)
System memory in use before: 108.8 MB.
System memory in use after: 106.8 MB.

Unloading 40 unused Assets to reduce memory usage. Loaded Objects now: 2578.
Total: 3.077100 ms (FindLiveObjects: 0.364500 ms CreateObjectMapping: 0.078400 ms MarkObjects: 1.764700 ms  DeleteObjects: 0.867800 ms)

========================================================================
Received Prepare
Registering precompiled user dll's ...
Registered in 0.001702 seconds.
Begin MonoManager ReloadAssembly
Native extension for WindowsStandalone target not found
Native extension for WebGL target not found
Refreshing native plugins compatible for Editor in 0.47 ms, found 1 plugins.
Preloading 0 native plugins for Editor in 0.00 ms.
Mono: successfully reloaded assembly
- Completed reload, in  0.928 seconds
Platform modules already initialized, skipping
Refreshing native plugins compatible for Editor in 0.51 ms, found 1 plugins.
Preloading 0 native plugins for Editor in 0.00 ms.
Unloading 2062 Unused Serialized files (Serialized files now loaded: 0)
System memory in use before: 108.8 MB.
System memory in use after: 106.8 MB.

Unloading 40 unused Assets to reduce memory usage. Loaded Objects now: 2582.
Total: 2.978400 ms (FindLiveObjects: 0.281400 ms CreateObjectMapping: 0.058300 ms MarkObjects: 1.848700 ms  DeleteObjects: 0.788400 ms)

========================================================================
Received Prepare
Registering precompiled user dll's ...
Registered in 0.001491 seconds.
Begin MonoManager ReloadAssembly
Native extension for WindowsStandalone target not found
Native extension for WebGL target not found
Refreshing native plugins compatible for Editor in 0.40 ms, found 1 plugins.
Preloading 0 native plugins for Editor in 0.00 ms.
Mono: successfully reloaded assembly
- Completed reload, in  0.950 seconds
Platform modules already initialized, skipping
Refreshing native plugins compatible for Editor in 0.45 ms, found 1 plugins.
Preloading 0 native plugins for Editor in 0.00 ms.
Unloading 2062 Unused Serialized files (Serialized files now loaded: 0)
System memory in use before: 108.8 MB.
System memory in use after: 106.8 MB.

Unloading 40 unused Assets to reduce memory usage. Loaded Objects now: 2586.
Total: 2.734000 ms (FindLiveObjects: 0.292800 ms CreateObjectMapping: 0.074300 ms MarkObjects: 1.593400 ms  DeleteObjects: 0.771900 ms)

